<?xml version="1.0" encoding="UTF-8"?>
<testng-results ignored="0" total="1" passed="1" failed="0" skipped="0">
  <reporter-output>
  </reporter-output>
  <suite started-at="2020-12-11T16:58:48 IST" name="Suite" finished-at="2020-12-11T16:58:48 IST" duration-ms="134">
    <groups>
    </groups>
    <test started-at="2020-12-11T16:58:48 IST" name="Test" finished-at="2020-12-11T16:58:48 IST" duration-ms="134">
      <class name="testcases.Testscripts">
        <test-method is-config="true" signature="beforeSuite()[pri:0, instance:testcases.Testscripts@343570b7]" started-at="2020-12-11T16:58:48 IST" name="beforeSuite" finished-at="2020-12-11T16:58:48 IST" duration-ms="19" status="PASS">
          <reporter-output>
          </reporter-output>
        </test-method> <!-- beforeSuite -->
        <test-method is-config="true" signature="beforeTest()[pri:0, instance:testcases.Testscripts@343570b7]" started-at="2020-12-11T16:58:48 IST" name="beforeTest" finished-at="2020-12-11T16:58:48 IST" duration-ms="1" status="PASS">
          <reporter-output>
          </reporter-output>
        </test-method> <!-- beforeTest -->
        <test-method is-config="true" signature="beforeclass()[pri:0, instance:testcases.Testscripts@343570b7]" started-at="2020-12-11T16:58:48 IST" name="beforeclass" finished-at="2020-12-11T16:58:48 IST" duration-ms="1" status="PASS">
          <reporter-output>
          </reporter-output>
        </test-method> <!-- beforeclass -->
        <test-method is-config="true" signature="beforeMethod()[pri:0, instance:testcases.Testscripts@343570b7]" started-at="2020-12-11T16:58:48 IST" name="beforeMethod" finished-at="2020-12-11T16:58:48 IST" duration-ms="0" status="PASS">
          <reporter-output>
          </reporter-output>
        </test-method> <!-- beforeMethod -->
        <test-method signature="readpropertyTest()[pri:0, instance:testcases.Testscripts@343570b7]" started-at="2020-12-11T16:58:48 IST" name="readpropertyTest" finished-at="2020-12-11T16:58:48 IST" duration-ms="34" status="PASS">
          <reporter-output>
          </reporter-output>
        </test-method> <!-- readpropertyTest -->
        <test-method is-config="true" signature="afterMethod()[pri:0, instance:testcases.Testscripts@343570b7]" started-at="2020-12-11T16:58:48 IST" name="afterMethod" finished-at="2020-12-11T16:58:48 IST" duration-ms="0" status="PASS">
          <reporter-output>
          </reporter-output>
        </test-method> <!-- afterMethod -->
        <test-method is-config="true" signature="afterTest()[pri:0, instance:testcases.Testscripts@343570b7]" started-at="2020-12-11T16:58:48 IST" name="afterTest" finished-at="2020-12-11T16:58:48 IST" duration-ms="1" status="PASS">
          <reporter-output>
          </reporter-output>
        </test-method> <!-- afterTest -->
        <test-method is-config="true" signature="afterclass()[pri:0, instance:testcases.Testscripts@343570b7]" started-at="2020-12-11T16:58:48 IST" name="afterclass" finished-at="2020-12-11T16:58:48 IST" duration-ms="1" status="PASS">
          <reporter-output>
          </reporter-output>
        </test-method> <!-- afterclass -->
        <test-method is-config="true" signature="aftersuite()[pri:0, instance:testcases.Testscripts@343570b7]" started-at="2020-12-11T16:58:48 IST" name="aftersuite" finished-at="2020-12-11T16:58:48 IST" duration-ms="0" status="PASS">
          <reporter-output>
          </reporter-output>
        </test-method> <!-- aftersuite -->
      </class> <!-- testcases.Testscripts -->
    </test> <!-- Test -->
  </suite> <!-- Suite -->
</testng-results>
